<?xml version="1.0" encoding="UTF-8"?>
<testsuite xmlns:xsi="http://www.w3.org/2001/XMLSchema-instance" xsi:noNamespaceSchemaLocation="https://maven.apache.org/surefire/maven-surefire-plugin/xsd/surefire-test-report.xsd" name="com.github.diogosmendonca.FactoryMethodTest" time="0.176" tests="2" errors="0" skipped="0" failures="0">
  <properties>
[...]
</properties>
  <testcase name="specificAppBCommandTest" classname="com.github.diogosmendonca.FactoryMethodTest" time="0.068"/>
  <testcase name="specificAppATest" classname="com.github.diogosmendonca.FactoryMethodTest" time="0.013"/>
</testsuite>